<?xml version="1.0" encoding="UTF-8"?>
<coverage generated="1776390170369" clover="3.2.0">
  <project timestamp="1776390170369" name="All files">
    <metrics statements="62" coveredstatements="60" conditionals="50" coveredconditionals="48" methods="15" coveredmethods="14" elements="127" coveredelements="122" complexity="0" loc="62" ncloc="62" packages="2" files="7" classes="7"/>
    <package name="src">
      <metrics statements="1" coveredstatements="1" conditionals="0" coveredconditionals="0" methods="1" coveredmethods="1"/>
      <file name="App.css" path="F:\Repos\portfolio-website\src\App.css">
        <metrics statements="0" coveredstatements="0" conditionals="0" coveredconditionals="0" methods="0" coveredmethods="0"/>
      </file>
      <file name="App.tsx" path="F:\Repos\portfolio-website\src\App.tsx">
        <metrics statements="1" coveredstatements="1" conditionals="0" coveredconditionals="0" methods="1" coveredmethods="1"/>
        <line num="10" count="3" type="stmt"/>
      </file>
    </package>
    <package name="src.components">
      <metrics statements="61" coveredstatements="59" conditionals="50" coveredconditionals="48" methods="14" coveredmethods="13"/>
      <file name="CodeExamples.tsx" path="F:\Repos\portfolio-website\src\components\CodeExamples.tsx">
        <metrics statements="7" coveredstatements="7" conditionals="4" coveredconditionals="4" methods="3" coveredmethods="3"/>
        <line num="13" count="2" type="stmt"/>
        <line num="14" count="10" type="stmt"/>
        <line num="16" count="10" type="stmt"/>
        <line num="129" count="10" type="stmt"/>
        <line num="131" count="10" type="stmt"/>
        <line num="145" count="30" type="stmt"/>
        <line num="148" count="1" type="stmt"/>
      </file>
      <file name="ContactMe.tsx" path="F:\Repos\portfolio-website\src\components\ContactMe.tsx">
        <metrics statements="44" coveredstatements="42" conditionals="46" coveredconditionals="44" methods="6" coveredmethods="5"/>
        <line num="18" count="2" type="stmt"/>
        <line num="19" count="124" type="stmt"/>
        <line num="20" count="124" type="stmt"/>
        <line num="26" count="124" type="stmt"/>
        <line num="27" count="124" type="stmt"/>
        <line num="28" count="124" type="stmt"/>
        <line num="33" count="124" type="stmt"/>
        <line num="34" count="124" type="stmt"/>
        <line num="35" count="124" type="stmt"/>
        <line num="37" count="124" type="stmt"/>
        <line num="38" count="4" type="stmt"/>
        <line num="40" count="4" type="cond" truecount="2" falsecount="0"/>
        <line num="41" count="2" type="stmt"/>
        <line num="44" count="4" type="cond" truecount="2" falsecount="0"/>
        <line num="45" count="1" type="stmt"/>
        <line num="46" count="3" type="cond" truecount="2" falsecount="0"/>
        <line num="47" count="1" type="stmt"/>
        <line num="50" count="4" type="cond" truecount="2" falsecount="0"/>
        <line num="51" count="2" type="stmt"/>
        <line num="54" count="4" type="cond" truecount="2" falsecount="0"/>
        <line num="55" count="2" type="stmt"/>
        <line num="56" count="2" type="cond" truecount="1" falsecount="1"/>
        <line num="57" count="0" type="stmt"/>
        <line num="60" count="4" type="stmt"/>
        <line num="61" count="4" type="stmt"/>
        <line num="64" count="124" type="stmt"/>
        <line num="67" count="109" type="stmt"/>
        <line num="68" count="109" type="stmt"/>
        <line num="71" count="109" type="cond" truecount="1" falsecount="1"/>
        <line num="72" count="0" type="stmt"/>
        <line num="76" count="124" type="stmt"/>
        <line num="77" count="4" type="stmt"/>
        <line num="79" count="4" type="cond" truecount="2" falsecount="0"/>
        <line num="80" count="2" type="stmt"/>
        <line num="83" count="2" type="stmt"/>
        <line num="84" count="2" type="stmt"/>
        <line num="86" count="2" type="stmt"/>
        <line num="88" count="2" type="stmt"/>
        <line num="101" count="1" type="stmt"/>
        <line num="102" count="1" type="stmt"/>
        <line num="104" count="1" type="stmt"/>
        <line num="105" count="1" type="stmt"/>
        <line num="107" count="2" type="stmt"/>
        <line num="111" count="124" type="stmt"/>
      </file>
      <file name="Education.tsx" path="F:\Repos\portfolio-website\src\components\Education.tsx">
        <metrics statements="4" coveredstatements="4" conditionals="0" coveredconditionals="0" methods="2" coveredmethods="2"/>
        <line num="11" count="2" type="stmt"/>
        <line num="12" count="7" type="stmt"/>
        <line num="37" count="7" type="stmt"/>
        <line num="51" count="21" type="stmt"/>
      </file>
      <file name="FunFacts.tsx" path="F:\Repos\portfolio-website\src\components\FunFacts.tsx">
        <metrics statements="4" coveredstatements="4" conditionals="0" coveredconditionals="0" methods="2" coveredmethods="2"/>
        <line num="3" count="2" type="stmt"/>
        <line num="4" count="7" type="stmt"/>
        <line num="43" count="7" type="stmt"/>
        <line num="53" count="42" type="stmt"/>
      </file>
      <file name="Hero.tsx" path="F:\Repos\portfolio-website\src\components\Hero.tsx">
        <metrics statements="2" coveredstatements="2" conditionals="0" coveredconditionals="0" methods="1" coveredmethods="1"/>
        <line num="3" count="2" type="stmt"/>
        <line num="4" count="7" type="stmt"/>
      </file>
    </package>
  </project>
</coverage>
