{
  "F:\\Repos\\portfolio-website\\src\\App.css": {
    "path": "F:\\Repos\\portfolio-website\\src\\App.css",
    "statementMap": {},
    "fnMap": {},
    "branchMap": {},
    "s": {},
    "f": {},
    "b": {},
    "meta": {
      "lastBranch": 0,
      "lastFunction": 0,
      "lastStatement": 0,
      "seen": {}
    }
  },
  "F:\\Repos\\portfolio-website\\src\\App.tsx": {
    "path": "F:\\Repos\\portfolio-website\\src\\App.tsx",
    "statementMap": {
      "0": {
        "start": { "line": 10, "column": 2 },
        "end": { "line": 85, "column": null }
      }
    },
    "fnMap": {
      "0": {
        "name": "App",
        "decl": {
          "start": { "line": 9, "column": 9 },
          "end": { "line": 9, "column": 15 }
        },
        "loc": {
          "start": { "line": 9, "column": 15 },
          "end": { "line": 85, "column": null }
        },
        "line": 9
      }
    },
    "branchMap": {},
    "s": { "0": 3 },
    "f": { "0": 3 },
    "b": {},
    "meta": {
      "lastBranch": 0,
      "lastFunction": 1,
      "lastStatement": 1,
      "seen": { "f:9:9:9:15": 0, "s:10:2:85:Infinity": 0 }
    }
  },
  "F:\\Repos\\portfolio-website\\src\\components\\CodeExamples.tsx": {
    "path": "F:\\Repos\\portfolio-website\\src\\components\\CodeExamples.tsx",
    "statementMap": {
      "0": {
        "start": { "line": 13, "column": 6 },
        "end": { "line": 196, "column": null }
      },
      "1": {
        "start": { "line": 14, "column": 26 },
        "end": { "line": 14, "column": 67 }
      },
      "2": {
        "start": { "line": 16, "column": 38 },
        "end": { "line": 127, "column": null }
      },
      "3": {
        "start": { "line": 129, "column": 25 },
        "end": { "line": 129, "column": null }
      },
      "4": {
        "start": { "line": 131, "column": 2 },
        "end": { "line": 196, "column": null }
      },
      "5": {
        "start": { "line": 145, "column": 14 },
        "end": { "line": 156, "column": null }
      },
      "6": {
        "start": { "line": 148, "column": 31 },
        "end": { "line": 148, "column": 56 }
      }
    },
    "fnMap": {
      "0": {
        "name": "(anonymous_0)",
        "decl": {
          "start": { "line": 13, "column": 6 },
          "end": { "line": 13, "column": 37 }
        },
        "loc": {
          "start": { "line": 13, "column": 37 },
          "end": { "line": 196, "column": null }
        },
        "line": 13
      },
      "1": {
        "name": "(anonymous_1)",
        "decl": {
          "start": { "line": 144, "column": 26 },
          "end": { "line": 144, "column": 31 }
        },
        "loc": {
          "start": { "line": 145, "column": 14 },
          "end": { "line": 156, "column": null }
        },
        "line": 145
      },
      "2": {
        "name": "(anonymous_2)",
        "decl": {
          "start": { "line": 148, "column": 16 },
          "end": { "line": 148, "column": 31 }
        },
        "loc": {
          "start": { "line": 148, "column": 31 },
          "end": { "line": 148, "column": 56 }
        },
        "line": 148
      }
    },
    "branchMap": {
      "0": {
        "loc": {
          "start": { "line": 147, "column": 39 },
          "end": { "line": 147, "column": null }
        },
        "type": "cond-expr",
        "locations": [
          {
            "start": { "line": 147, "column": 67 },
            "end": { "line": 147, "column": 78 }
          },
          {
            "start": { "line": 147, "column": 78 },
            "end": { "line": 147, "column": null }
          }
        ],
        "line": 147
      },
      "1": {
        "loc": {
          "start": { "line": 153, "column": 26 },
          "end": { "line": 153, "column": null }
        },
        "type": "cond-expr",
        "locations": [
          {
            "start": { "line": 153, "column": 54 },
            "end": { "line": 153, "column": 58 }
          },
          {
            "start": { "line": 153, "column": 58 },
            "end": { "line": 153, "column": null }
          }
        ],
        "line": 153
      }
    },
    "s": { "0": 2, "1": 10, "2": 10, "3": 10, "4": 10, "5": 30, "6": 1 },
    "f": { "0": 10, "1": 30, "2": 1 },
    "b": { "0": [10, 20], "1": [10, 20] },
    "meta": {
      "lastBranch": 2,
      "lastFunction": 3,
      "lastStatement": 7,
      "seen": {
        "s:13:6:196:Infinity": 0,
        "f:13:6:13:37": 0,
        "s:14:26:14:67": 1,
        "s:16:38:127:Infinity": 2,
        "s:129:25:129:Infinity": 3,
        "s:131:2:196:Infinity": 4,
        "f:144:26:144:31": 1,
        "s:145:14:156:Infinity": 5,
        "b:147:67:147:78:147:78:147:Infinity": 0,
        "f:148:16:148:31": 2,
        "s:148:31:148:56": 6,
        "b:153:54:153:58:153:58:153:Infinity": 1
      }
    }
  },
  "F:\\Repos\\portfolio-website\\src\\components\\ContactMe.tsx": {
    "path": "F:\\Repos\\portfolio-website\\src\\components\\ContactMe.tsx",
    "statementMap": {
      "0": {
        "start": { "line": 18, "column": 6 },
        "end": { "line": 324, "column": null }
      },
      "1": {
        "start": { "line": 19, "column": 8 },
        "end": { "line": 19, "column": 47 }
      },
      "2": {
        "start": { "line": 20, "column": 19 },
        "end": { "line": 25, "column": 4 }
      },
      "3": {
        "start": { "line": 26, "column": 17 },
        "end": { "line": 26, "column": 54 }
      },
      "4": {
        "start": { "line": 27, "column": 23 },
        "end": { "line": 27, "column": 57 }
      },
      "5": {
        "start": { "line": 28, "column": 23 },
        "end": { "line": 30, "column": 11 }
      },
      "6": {
        "start": { "line": 33, "column": 21 },
        "end": { "line": 33, "column": null }
      },
      "7": {
        "start": { "line": 34, "column": 22 },
        "end": { "line": 34, "column": null }
      },
      "8": {
        "start": { "line": 35, "column": 21 },
        "end": { "line": 35, "column": null }
      },
      "9": {
        "start": { "line": 37, "column": 8 },
        "end": { "line": 61, "column": null }
      },
      "10": {
        "start": { "line": 38, "column": 34 },
        "end": { "line": 38, "column": 36 }
      },
      "11": {
        "start": { "line": 40, "column": 4 },
        "end": { "line": 41, "column": null }
      },
      "12": {
        "start": { "line": 41, "column": 6 },
        "end": { "line": 41, "column": null }
      },
      "13": {
        "start": { "line": 44, "column": 4 },
        "end": { "line": 47, "column": null }
      },
      "14": {
        "start": { "line": 45, "column": 6 },
        "end": { "line": 45, "column": null }
      },
      "15": {
        "start": { "line": 46, "column": 15 },
        "end": { "line": 47, "column": null }
      },
      "16": {
        "start": { "line": 47, "column": 6 },
        "end": { "line": 47, "column": null }
      },
      "17": {
        "start": { "line": 50, "column": 4 },
        "end": { "line": 51, "column": null }
      },
      "18": {
        "start": { "line": 51, "column": 6 },
        "end": { "line": 51, "column": null }
      },
      "19": {
        "start": { "line": 54, "column": 4 },
        "end": { "line": 57, "column": null }
      },
      "20": {
        "start": { "line": 55, "column": 6 },
        "end": { "line": 55, "column": null }
      },
      "21": {
        "start": { "line": 56, "column": 15 },
        "end": { "line": 57, "column": null }
      },
      "22": {
        "start": { "line": 57, "column": 6 },
        "end": { "line": 57, "column": null }
      },
      "23": {
        "start": { "line": 60, "column": 4 },
        "end": { "line": 60, "column": null }
      },
      "24": {
        "start": { "line": 61, "column": 4 },
        "end": { "line": 61, "column": null }
      },
      "25": {
        "start": { "line": 64, "column": 8 },
        "end": { "line": 72, "column": null }
      },
      "26": {
        "start": { "line": 67, "column": 28 },
        "end": { "line": 67, "column": null }
      },
      "27": {
        "start": { "line": 68, "column": 4 },
        "end": { "line": 68, "column": null }
      },
      "28": {
        "start": { "line": 68, "column": 25 },
        "end": { "line": 68, "column": 53 }
      },
      "29": {
        "start": { "line": 71, "column": 4 },
        "end": { "line": 72, "column": null }
      },
      "30": {
        "start": { "line": 72, "column": 6 },
        "end": { "line": 72, "column": null }
      },
      "31": {
        "start": { "line": 72, "column": 25 },
        "end": { "line": 72, "column": 57 }
      },
      "32": {
        "start": { "line": 76, "column": 23 },
        "end": { "line": 107, "column": null }
      },
      "33": {
        "start": { "line": 77, "column": 4 },
        "end": { "line": 77, "column": null }
      },
      "34": {
        "start": { "line": 79, "column": 4 },
        "end": { "line": 80, "column": null }
      },
      "35": {
        "start": { "line": 80, "column": 6 },
        "end": { "line": 80, "column": null }
      },
      "36": {
        "start": { "line": 83, "column": 4 },
        "end": { "line": 83, "column": null }
      },
      "37": {
        "start": { "line": 84, "column": 4 },
        "end": { "line": 84, "column": null }
      },
      "38": {
        "start": { "line": 86, "column": 4 },
        "end": { "line": 107, "column": null }
      },
      "39": {
        "start": { "line": 88, "column": 6 },
        "end": { "line": 99, "column": null }
      },
      "40": {
        "start": { "line": 101, "column": 6 },
        "end": { "line": 101, "column": null }
      },
      "41": {
        "start": { "line": 102, "column": 6 },
        "end": { "line": 102, "column": null }
      },
      "42": {
        "start": { "line": 104, "column": 6 },
        "end": { "line": 104, "column": null }
      },
      "43": {
        "start": { "line": 105, "column": 6 },
        "end": { "line": 105, "column": null }
      },
      "44": {
        "start": { "line": 107, "column": 6 },
        "end": { "line": 107, "column": null }
      },
      "45": {
        "start": { "line": 111, "column": 2 },
        "end": { "line": 324, "column": null }
      }
    },
    "fnMap": {
      "0": {
        "name": "(anonymous_0)",
        "decl": {
          "start": { "line": 18, "column": 6 },
          "end": { "line": 18, "column": 34 }
        },
        "loc": {
          "start": { "line": 18, "column": 34 },
          "end": { "line": 324, "column": null }
        },
        "line": 18
      },
      "1": {
        "name": "(anonymous_1)",
        "decl": {
          "start": { "line": 37, "column": 8 },
          "end": { "line": 37, "column": 38 }
        },
        "loc": {
          "start": { "line": 37, "column": 38 },
          "end": { "line": 61, "column": null }
        },
        "line": 37
      },
      "2": {
        "name": "(anonymous_2)",
        "decl": {
          "start": { "line": 64, "column": 8 },
          "end": { "line": 64, "column": null }
        },
        "loc": {
          "start": { "line": 66, "column": 7 },
          "end": { "line": 72, "column": null }
        },
        "line": 66
      },
      "3": {
        "name": "(anonymous_3)",
        "decl": {
          "start": { "line": 68, "column": 4 },
          "end": { "line": 68, "column": 16 }
        },
        "loc": {
          "start": { "line": 68, "column": 25 },
          "end": { "line": 68, "column": 53 }
        },
        "line": 68
      },
      "4": {
        "name": "(anonymous_4)",
        "decl": {
          "start": { "line": 72, "column": 6 },
          "end": { "line": 72, "column": 16 }
        },
        "loc": {
          "start": { "line": 72, "column": 25 },
          "end": { "line": 72, "column": 57 }
        },
        "line": 72
      },
      "5": {
        "name": "(anonymous_5)",
        "decl": {
          "start": { "line": 76, "column": 23 },
          "end": { "line": 76, "column": 30 }
        },
        "loc": {
          "start": { "line": 76, "column": 53 },
          "end": { "line": 107, "column": null }
        },
        "line": 76
      }
    },
    "branchMap": {
      "0": {
        "loc": {
          "start": { "line": 40, "column": 4 },
          "end": { "line": 41, "column": null }
        },
        "type": "if",
        "locations": [
          {
            "start": { "line": 40, "column": 4 },
            "end": { "line": 41, "column": null }
          },
          { "start": {}, "end": {} }
        ],
        "line": 40
      },
      "1": {
        "loc": {
          "start": { "line": 44, "column": 4 },
          "end": { "line": 47, "column": null }
        },
        "type": "if",
        "locations": [
          {
            "start": { "line": 44, "column": 4 },
            "end": { "line": 47, "column": null }
          },
          {
            "start": { "line": 46, "column": 15 },
            "end": { "line": 47, "column": null }
          }
        ],
        "line": 44
      },
      "2": {
        "loc": {
          "start": { "line": 46, "column": 15 },
          "end": { "line": 47, "column": null }
        },
        "type": "if",
        "locations": [
          {
            "start": { "line": 46, "column": 15 },
            "end": { "line": 47, "column": null }
          },
          { "start": {}, "end": {} }
        ],
        "line": 46
      },
      "3": {
        "loc": {
          "start": { "line": 50, "column": 4 },
          "end": { "line": 51, "column": null }
        },
        "type": "if",
        "locations": [
          {
            "start": { "line": 50, "column": 4 },
            "end": { "line": 51, "column": null }
          },
          { "start": {}, "end": {} }
        ],
        "line": 50
      },
      "4": {
        "loc": {
          "start": { "line": 54, "column": 4 },
          "end": { "line": 57, "column": null }
        },
        "type": "if",
        "locations": [
          {
            "start": { "line": 54, "column": 4 },
            "end": { "line": 57, "column": null }
          },
          {
            "start": { "line": 56, "column": 15 },
            "end": { "line": 57, "column": null }
          }
        ],
        "line": 54
      },
      "5": {
        "loc": {
          "start": { "line": 56, "column": 15 },
          "end": { "line": 57, "column": null }
        },
        "type": "if",
        "locations": [
          {
            "start": { "line": 56, "column": 15 },
            "end": { "line": 57, "column": null }
          },
          { "start": {}, "end": {} }
        ],
        "line": 56
      },
      "6": {
        "loc": {
          "start": { "line": 71, "column": 4 },
          "end": { "line": 72, "column": null }
        },
        "type": "if",
        "locations": [
          {
            "start": { "line": 71, "column": 4 },
            "end": { "line": 72, "column": null }
          },
          { "start": {}, "end": {} }
        ],
        "line": 71
      },
      "7": {
        "loc": {
          "start": { "line": 79, "column": 4 },
          "end": { "line": 80, "column": null }
        },
        "type": "if",
        "locations": [
          {
            "start": { "line": 79, "column": 4 },
            "end": { "line": 80, "column": null }
          },
          { "start": {}, "end": {} }
        ],
        "line": 79
      },
      "8": {
        "loc": {
          "start": { "line": 143, "column": 43 },
          "end": { "line": 143, "column": null }
        },
        "type": "cond-expr",
        "locations": [
          {
            "start": { "line": 143, "column": 57 },
            "end": { "line": 143, "column": 67 }
          },
          {
            "start": { "line": 143, "column": 67 },
            "end": { "line": 143, "column": null }
          }
        ],
        "line": 143
      },
      "9": {
        "loc": {
          "start": { "line": 144, "column": 36 },
          "end": { "line": 144, "column": null }
        },
        "type": "cond-expr",
        "locations": [
          {
            "start": { "line": 144, "column": 50 },
            "end": { "line": 144, "column": 65 }
          },
          {
            "start": { "line": 144, "column": 65 },
            "end": { "line": 144, "column": null }
          }
        ],
        "line": 144
      },
      "10": {
        "loc": {
          "start": { "line": 148, "column": 17 },
          "end": { "line": 151, "column": null }
        },
        "type": "binary-expr",
        "locations": [
          {
            "start": { "line": 148, "column": 17 },
            "end": { "line": 148, "column": null }
          },
          {
            "start": { "line": 149, "column": 18 },
            "end": { "line": 151, "column": null }
          }
        ],
        "line": 148
      },
      "11": {
        "loc": {
          "start": { "line": 168, "column": 43 },
          "end": { "line": 168, "column": null }
        },
        "type": "cond-expr",
        "locations": [
          {
            "start": { "line": 168, "column": 58 },
            "end": { "line": 168, "column": 68 }
          },
          {
            "start": { "line": 168, "column": 68 },
            "end": { "line": 168, "column": null }
          }
        ],
        "line": 168
      },
      "12": {
        "loc": {
          "start": { "line": 169, "column": 36 },
          "end": { "line": 169, "column": null }
        },
        "type": "cond-expr",
        "locations": [
          {
            "start": { "line": 169, "column": 51 },
            "end": { "line": 169, "column": 67 }
          },
          {
            "start": { "line": 169, "column": 67 },
            "end": { "line": 169, "column": null }
          }
        ],
        "line": 169
      },
      "13": {
        "loc": {
          "start": { "line": 173, "column": 17 },
          "end": { "line": 176, "column": null }
        },
        "type": "binary-expr",
        "locations": [
          {
            "start": { "line": 173, "column": 17 },
            "end": { "line": 173, "column": null }
          },
          {
            "start": { "line": 174, "column": 18 },
            "end": { "line": 176, "column": null }
          }
        ],
        "line": 173
      },
      "14": {
        "loc": {
          "start": { "line": 193, "column": 43 },
          "end": { "line": 193, "column": null }
        },
        "type": "cond-expr",
        "locations": [
          {
            "start": { "line": 193, "column": 60 },
            "end": { "line": 193, "column": 70 }
          },
          {
            "start": { "line": 193, "column": 70 },
            "end": { "line": 193, "column": null }
          }
        ],
        "line": 193
      },
      "15": {
        "loc": {
          "start": { "line": 195, "column": 20 },
          "end": { "line": 195, "column": null }
        },
        "type": "cond-expr",
        "locations": [
          {
            "start": { "line": 195, "column": 37 },
            "end": { "line": 195, "column": 55 }
          },
          {
            "start": { "line": 195, "column": 55 },
            "end": { "line": 195, "column": null }
          }
        ],
        "line": 195
      },
      "16": {
        "loc": {
          "start": { "line": 200, "column": 17 },
          "end": { "line": 207, "column": null }
        },
        "type": "binary-expr",
        "locations": [
          {
            "start": { "line": 200, "column": 17 },
            "end": { "line": 200, "column": null }
          },
          {
            "start": { "line": 201, "column": 18 },
            "end": { "line": 207, "column": null }
          }
        ],
        "line": 200
      },
      "17": {
        "loc": {
          "start": { "line": 223, "column": 46 },
          "end": { "line": 223, "column": null }
        },
        "type": "cond-expr",
        "locations": [
          {
            "start": { "line": 223, "column": 63 },
            "end": { "line": 223, "column": 73 }
          },
          {
            "start": { "line": 223, "column": 73 },
            "end": { "line": 223, "column": null }
          }
        ],
        "line": 223
      },
      "18": {
        "loc": {
          "start": { "line": 226, "column": 20 },
          "end": { "line": 226, "column": null }
        },
        "type": "cond-expr",
        "locations": [
          {
            "start": { "line": 226, "column": 37 },
            "end": { "line": 226, "column": 55 }
          },
          {
            "start": { "line": 226, "column": 55 },
            "end": { "line": 226, "column": null }
          }
        ],
        "line": 226
      },
      "19": {
        "loc": {
          "start": { "line": 231, "column": 17 },
          "end": { "line": 238, "column": null }
        },
        "type": "binary-expr",
        "locations": [
          {
            "start": { "line": 231, "column": 17 },
            "end": { "line": 231, "column": null }
          },
          {
            "start": { "line": 232, "column": 18 },
            "end": { "line": 238, "column": null }
          }
        ],
        "line": 231
      },
      "20": {
        "loc": {
          "start": { "line": 248, "column": 17 },
          "end": { "line": 248, "column": null }
        },
        "type": "cond-expr",
        "locations": [
          {
            "start": { "line": 248, "column": 32 },
            "end": { "line": 248, "column": 47 }
          },
          {
            "start": { "line": 248, "column": 47 },
            "end": { "line": 248, "column": null }
          }
        ],
        "line": 248
      },
      "21": {
        "loc": {
          "start": { "line": 257, "column": 17 },
          "end": { "line": 262, "column": 34 }
        },
        "type": "binary-expr",
        "locations": [
          {
            "start": { "line": 257, "column": 17 },
            "end": { "line": 257, "column": null }
          },
          {
            "start": { "line": 258, "column": 18 },
            "end": { "line": 262, "column": 34 }
          }
        ],
        "line": 257
      },
      "22": {
        "loc": {
          "start": { "line": 262, "column": 17 },
          "end": { "line": 266, "column": null }
        },
        "type": "binary-expr",
        "locations": [
          {
            "start": { "line": 262, "column": 17 },
            "end": { "line": 262, "column": null }
          },
          {
            "start": { "line": 263, "column": 18 },
            "end": { "line": 266, "column": null }
          }
        ],
        "line": 262
      }
    },
    "s": {
      "0": 2,
      "1": 124,
      "2": 124,
      "3": 124,
      "4": 124,
      "5": 124,
      "6": 124,
      "7": 124,
      "8": 124,
      "9": 124,
      "10": 4,
      "11": 4,
      "12": 2,
      "13": 4,
      "14": 1,
      "15": 3,
      "16": 1,
      "17": 4,
      "18": 2,
      "19": 4,
      "20": 2,
      "21": 2,
      "22": 0,
      "23": 4,
      "24": 4,
      "25": 124,
      "26": 109,
      "27": 109,
      "28": 109,
      "29": 109,
      "30": 0,
      "31": 0,
      "32": 124,
      "33": 4,
      "34": 4,
      "35": 2,
      "36": 2,
      "37": 2,
      "38": 2,
      "39": 2,
      "40": 1,
      "41": 1,
      "42": 1,
      "43": 1,
      "44": 2,
      "45": 124
    },
    "f": { "0": 124, "1": 4, "2": 109, "3": 109, "4": 0, "5": 4 },
    "b": {
      "0": [2, 2],
      "1": [1, 3],
      "2": [1, 2],
      "3": [2, 2],
      "4": [2, 2],
      "5": [0, 2],
      "6": [0, 109],
      "7": [2, 2],
      "8": [2, 122],
      "9": [2, 122],
      "10": [124, 2],
      "11": [2, 122],
      "12": [2, 122],
      "13": [124, 2],
      "14": [2, 122],
      "15": [2, 122],
      "16": [124, 2],
      "17": [2, 122],
      "18": [2, 122],
      "19": [124, 2],
      "20": [2, 122],
      "21": [124, 1],
      "22": [124, 1]
    },
    "meta": {
      "lastBranch": 23,
      "lastFunction": 6,
      "lastStatement": 46,
      "seen": {
        "s:18:6:324:Infinity": 0,
        "f:18:6:18:34": 0,
        "s:19:8:19:47": 1,
        "s:20:19:25:4": 2,
        "s:26:17:26:54": 3,
        "s:27:23:27:57": 4,
        "s:28:23:30:11": 5,
        "s:33:21:33:Infinity": 6,
        "s:34:22:34:Infinity": 7,
        "s:35:21:35:Infinity": 8,
        "s:37:8:61:Infinity": 9,
        "f:37:8:37:38": 1,
        "s:38:34:38:36": 10,
        "b:40:4:41:Infinity:undefined:undefined:undefined:undefined": 0,
        "s:40:4:41:Infinity": 11,
        "s:41:6:41:Infinity": 12,
        "b:44:4:47:Infinity:46:15:47:Infinity": 1,
        "s:44:4:47:Infinity": 13,
        "s:45:6:45:Infinity": 14,
        "b:46:15:47:Infinity:undefined:undefined:undefined:undefined": 2,
        "s:46:15:47:Infinity": 15,
        "s:47:6:47:Infinity": 16,
        "b:50:4:51:Infinity:undefined:undefined:undefined:undefined": 3,
        "s:50:4:51:Infinity": 17,
        "s:51:6:51:Infinity": 18,
        "b:54:4:57:Infinity:56:15:57:Infinity": 4,
        "s:54:4:57:Infinity": 19,
        "s:55:6:55:Infinity": 20,
        "b:56:15:57:Infinity:undefined:undefined:undefined:undefined": 5,
        "s:56:15:57:Infinity": 21,
        "s:57:6:57:Infinity": 22,
        "s:60:4:60:Infinity": 23,
        "s:61:4:61:Infinity": 24,
        "s:64:8:72:Infinity": 25,
        "f:64:8:64:Infinity": 2,
        "s:67:28:67:Infinity": 26,
        "s:68:4:68:Infinity": 27,
        "f:68:4:68:16": 3,
        "s:68:25:68:53": 28,
        "b:71:4:72:Infinity:undefined:undefined:undefined:undefined": 6,
        "s:71:4:72:Infinity": 29,
        "s:72:6:72:Infinity": 30,
        "f:72:6:72:16": 4,
        "s:72:25:72:57": 31,
        "s:76:23:107:Infinity": 32,
        "f:76:23:76:30": 5,
        "s:77:4:77:Infinity": 33,
        "b:79:4:80:Infinity:undefined:undefined:undefined:undefined": 7,
        "s:79:4:80:Infinity": 34,
        "s:80:6:80:Infinity": 35,
        "s:83:4:83:Infinity": 36,
        "s:84:4:84:Infinity": 37,
        "s:86:4:107:Infinity": 38,
        "s:88:6:99:Infinity": 39,
        "s:101:6:101:Infinity": 40,
        "s:102:6:102:Infinity": 41,
        "s:104:6:104:Infinity": 42,
        "s:105:6:105:Infinity": 43,
        "s:107:6:107:Infinity": 44,
        "s:111:2:324:Infinity": 45,
        "b:143:57:143:67:143:67:143:Infinity": 8,
        "b:144:50:144:65:144:65:144:Infinity": 9,
        "b:148:17:148:Infinity:149:18:151:Infinity": 10,
        "b:168:58:168:68:168:68:168:Infinity": 11,
        "b:169:51:169:67:169:67:169:Infinity": 12,
        "b:173:17:173:Infinity:174:18:176:Infinity": 13,
        "b:193:60:193:70:193:70:193:Infinity": 14,
        "b:195:37:195:55:195:55:195:Infinity": 15,
        "b:200:17:200:Infinity:201:18:207:Infinity": 16,
        "b:223:63:223:73:223:73:223:Infinity": 17,
        "b:226:37:226:55:226:55:226:Infinity": 18,
        "b:231:17:231:Infinity:232:18:238:Infinity": 19,
        "b:248:32:248:47:248:47:248:Infinity": 20,
        "b:257:17:257:Infinity:258:18:262:34": 21,
        "b:262:17:262:Infinity:263:18:266:Infinity": 22
      }
    }
  },
  "F:\\Repos\\portfolio-website\\src\\components\\Education.tsx": {
    "path": "F:\\Repos\\portfolio-website\\src\\components\\Education.tsx",
    "statementMap": {
      "0": {
        "start": { "line": 11, "column": 6 },
        "end": { "line": 72, "column": null }
      },
      "1": {
        "start": { "line": 12, "column": 37 },
        "end": { "line": 35, "column": null }
      },
      "2": {
        "start": { "line": 37, "column": 2 },
        "end": { "line": 72, "column": null }
      },
      "3": {
        "start": { "line": 51, "column": 12 },
        "end": { "line": 68, "column": null }
      }
    },
    "fnMap": {
      "0": {
        "name": "(anonymous_0)",
        "decl": {
          "start": { "line": 11, "column": 6 },
          "end": { "line": 11, "column": 34 }
        },
        "loc": {
          "start": { "line": 11, "column": 34 },
          "end": { "line": 72, "column": null }
        },
        "line": 11
      },
      "1": {
        "name": "(anonymous_1)",
        "decl": {
          "start": { "line": 50, "column": 25 },
          "end": { "line": 50, "column": 30 }
        },
        "loc": {
          "start": { "line": 51, "column": 12 },
          "end": { "line": 68, "column": null }
        },
        "line": 51
      }
    },
    "branchMap": {},
    "s": { "0": 2, "1": 7, "2": 7, "3": 21 },
    "f": { "0": 7, "1": 21 },
    "b": {},
    "meta": {
      "lastBranch": 0,
      "lastFunction": 2,
      "lastStatement": 4,
      "seen": {
        "s:11:6:72:Infinity": 0,
        "f:11:6:11:34": 0,
        "s:12:37:35:Infinity": 1,
        "s:37:2:72:Infinity": 2,
        "f:50:25:50:30": 1,
        "s:51:12:68:Infinity": 3
      }
    }
  },
  "F:\\Repos\\portfolio-website\\src\\components\\FunFacts.tsx": {
    "path": "F:\\Repos\\portfolio-website\\src\\components\\FunFacts.tsx",
    "statementMap": {
      "0": {
        "start": { "line": 3, "column": 6 },
        "end": { "line": 63, "column": null }
      },
      "1": {
        "start": { "line": 4, "column": 16 },
        "end": { "line": 41, "column": null }
      },
      "2": {
        "start": { "line": 43, "column": 2 },
        "end": { "line": 63, "column": null }
      },
      "3": {
        "start": { "line": 53, "column": 12 },
        "end": { "line": 59, "column": null }
      }
    },
    "fnMap": {
      "0": {
        "name": "(anonymous_0)",
        "decl": {
          "start": { "line": 3, "column": 6 },
          "end": { "line": 3, "column": 33 }
        },
        "loc": {
          "start": { "line": 3, "column": 33 },
          "end": { "line": 63, "column": null }
        },
        "line": 3
      },
      "1": {
        "name": "(anonymous_1)",
        "decl": {
          "start": { "line": 52, "column": 17 },
          "end": { "line": 52, "column": 22 }
        },
        "loc": {
          "start": { "line": 53, "column": 12 },
          "end": { "line": 59, "column": null }
        },
        "line": 53
      }
    },
    "branchMap": {},
    "s": { "0": 2, "1": 7, "2": 7, "3": 42 },
    "f": { "0": 7, "1": 42 },
    "b": {},
    "meta": {
      "lastBranch": 0,
      "lastFunction": 2,
      "lastStatement": 4,
      "seen": {
        "s:3:6:63:Infinity": 0,
        "f:3:6:3:33": 0,
        "s:4:16:41:Infinity": 1,
        "s:43:2:63:Infinity": 2,
        "f:52:17:52:22": 1,
        "s:53:12:59:Infinity": 3
      }
    }
  },
  "F:\\Repos\\portfolio-website\\src\\components\\Hero.tsx": {
    "path": "F:\\Repos\\portfolio-website\\src\\components\\Hero.tsx",
    "statementMap": {
      "0": {
        "start": { "line": 3, "column": 6 },
        "end": { "line": 40, "column": null }
      },
      "1": {
        "start": { "line": 4, "column": 2 },
        "end": { "line": 40, "column": null }
      }
    },
    "fnMap": {
      "0": {
        "name": "(anonymous_0)",
        "decl": {
          "start": { "line": 3, "column": 6 },
          "end": { "line": 3, "column": 29 }
        },
        "loc": {
          "start": { "line": 3, "column": 29 },
          "end": { "line": 40, "column": null }
        },
        "line": 3
      }
    },
    "branchMap": {},
    "s": { "0": 2, "1": 7 },
    "f": { "0": 7 },
    "b": {},
    "meta": {
      "lastBranch": 0,
      "lastFunction": 1,
      "lastStatement": 2,
      "seen": {
        "s:3:6:40:Infinity": 0,
        "f:3:6:3:29": 0,
        "s:4:2:40:Infinity": 1
      }
    }
  }
}
